
389-ds-base-1.3.4.0-19.el7.src.rpm
abattis-cantarell-fonts-0.0.16-3.el7.src.rpm
acpica-tools-20150619-3.el7.src.rpm
acpid-2.0.19-6.el7.src.rpm
adcli-0.7.5-4.el7.src.rpm
advancecomp-1.15-20.el7.src.rpm
adwaita-icon-theme-3.14.1-1.el7.src.rpm
aether-1.13.1-13.el7.src.rpm
aic94xx-firmware-30-6.el7.src.rpm
aide-0.15.1-9.el7.src.rpm
akonadi-1.9.2-4.el7.src.rpm
alsa-firmware-1.0.28-2.el7.src.rpm
alsa-lib-1.0.28-2.el7.src.rpm
alsa-plugins-1.0.27-3.el7.src.rpm
alsa-tools-1.0.28-2.el7.src.rpm
alsa-utils-1.0.28-4.el7.src.rpm
ant-1.9.2-9.el7.src.rpm
ant-antunit-1.2-10.el7.src.rpm
ant-contrib-1.0-0.23.b3.el7.src.rpm
antlr-2.7.7-30.el7.src.rpm
aopalliance-1.0-8.el7.src.rpm
apache-commons-beanutils-1.8.3-14.el7.src.rpm
apache-commons-cli-1.2-13.el7.src.rpm
apache-commons-codec-1.8-7.el7.src.rpm
apache-commons-collections-3.2.1-21.el7.src.rpm
apache-commons-compress-1.5-4.el7.src.rpm
apache-commons-configuration-1.9-8.el7.src.rpm
apache-commons-daemon-1.0.13-6.el7.src.rpm
apache-commons-dbcp-1.4-17.el7.src.rpm
apache-commons-digester-1.8.1-19.el7.src.rpm
apache-commons-exec-1.1-11.el7.src.rpm
apache-commons-jexl-2.1.1-9.el7.src.rpm
apache-commons-jxpath-1.3-20.el7.src.rpm
apache-commons-lang-2.6-15.el7.src.rpm
apache-commons-lang3-3.1-9.el7.src.rpm
apache-commons-logging-1.1.2-7.el7.src.rpm
apache-commons-net-3.2-8.el7.centos.src.rpm
apache-commons-parent-26-8.el7.src.rpm
apache-commons-pool-1.6-9.el7.src.rpm
apache-commons-validator-1.4.0-8.el7.src.rpm
apache-commons-vfs-2.0-11.el7.src.rpm
apache-ivy-2.3.0-4.el7.src.rpm
apache-parent-10-14.el7.src.rpm
apache-rat-0.8-13.el7.src.rpm
apache-resource-bundles-2-11.el7.src.rpm
appstream-data-7-6.el7.src.rpm
apr-util-1.5.2-6.el7.src.rpm
aqute-bnd-0.0.363-11.el7.src.rpm
aqute-bndlib-1.50.0-8.el7.src.rpm
ark-4.10.5-4.el7.src.rpm
arptables-0.0.4-7.el7.src.rpm
asciidoc-8.6.8-5.el7.src.rpm
aspell-0.60.6.1-9.el7.src.rpm
at-3.1.13-20.el7.src.rpm
atinject-1-13.20100611svn86.el7.src.rpm
atkmm-2.22.7-3.el7.src.rpm
at-spi2-atk-2.8.1-4.el7.src.rpm
attica-0.4.2-1.el7.src.rpm
audiocd-kio-4.10.5-3.el7.src.rpm
audit-2.4.1-5.el7.src.rpm
authconfig-6.2.8-10.el7.src.rpm
authd-1.4.3-42.el7.src.rpm
autoconf213-2.13-31.el7.src.rpm
automoc-1.0-0.20.rc3.el7.src.rpm
autotrace-0.31.1-37.el7.src.rpm
avalon-framework-4.3-10.el7.src.rpm
avalon-logkit-2.1-14.el7.src.rpm
babel-0.9.6-8.el7.src.rpm
babl-0.1.10-9.el7.src.rpm
bacula-5.2.13-23.1.el7.src.rpm
baekmuk-ttf-fonts-2.2-36.el7.src.rpm
base64coder-20101219-10.el7.src.rpm
basesystem-10.0-7.el7.centos.src.rpm
bash-4.2.46-19.el7.src.rpm
bash-completion-2.1-6.el7.src.rpm
batik-1.8-0.12.svn1230816.el7.src.rpm
bc-1.06.95-13.el7.src.rpm
bcel-5.2-18.el7.src.rpm
bea-stax-1.2.0-9.el7.src.rpm
beust-jcommander-1.30-5.el7.src.rpm
biosdevname-0.6.2-1.el7.src.rpm
bison-2.7-4.el7.src.rpm
bitmap-fonts-0.3-21.el7.src.rpm
blktrace-1.0.5-6.el7.src.rpm
bltk-1.1.0-9.el7.src.rpm
bluedevil-2.1-1.el7.src.rpm
bogofilter-1.2.3-6.el7.src.rpm
bpg-fonts-20120413-3.el7.src.rpm
bridge-utils-1.5-9.el7.src.rpm
brltty-4.5-9.el7.src.rpm
bsf-2.4.0-19.el7.src.rpm
bsh-1.3.0-29.el7.src.rpm
btrfs-progs-3.19.1-1.el7.src.rpm
buildnumber-maven-plugin-1.2-7.el7.src.rpm
bwidget-1.9.0-6.el7.src.rpm
byacc-1.9.20130304-3.el7.src.rpm
byaccj-1.15-8.el7.src.rpm
byteman-2.0.4-5.el7.src.rpm
bzip2-1.0.6-13.el7.src.rpm
bzr-2.5.1-14.el7.src.rpm
ca-certificates-2015.2.4-71.el7.src.rpm
cachefilesd-0.10.5-6.el7.src.rpm
cairo-1.14.2-1.el7.src.rpm
cairomm-1.10.0-8.el7.src.rpm
cal10n-0.7.7-4.el7.src.rpm
cdi-api-1.0-11.SP4.el7.src.rpm
cdparanoia-10.2-17.el7.src.rpm
cdrdao-1.2.3-20.el7.src.rpm
cdrkit-1.1.11-23.el7.src.rpm
celt051-0.5.1.3-8.el7.src.rpm
centos-bookmarks-7-1.el7.src.rpm
centos-indexhtml-7-9.el7.centos.src.rpm
centos-logos-70.0.6-3.el7.centos.src.rpm
centos-release-7-2.1511.el7.centos.2.10.src.rpm
certmonger-0.78.4-1.el7.src.rpm
cglib-2.2-18.el7.src.rpm
check-0.9.9-5.el7.src.rpm
checkpolicy-2.1.12-6.el7.src.rpm
chkconfig-1.3.61-5.el7.src.rpm
chrony-2.1.1-1.el7.centos.src.rpm
chrpath-0.13-14.el7.src.rpm
cifs-utils-6.2-7.el7.src.rpm
cim-schema-2.33.0-6.el7.src.rpm
cjkuni-ukai-fonts-0.2.20080216.1-51.el7.src.rpm
cjkuni-uming-fonts-0.2.20080216.1-53.el7.src.rpm
clucene-2.3.3.4-11.el7.src.rpm
clufter-0.50.4-1.el7.src.rpm
cmpi-bindings-0.9.5-6.el7.src.rpm
cobertura-1.9.4.1-9.el7.src.rpm
codehaus-parent-4-5.el7.src.rpm
codemodel-2.6-9.el7.src.rpm
colord-kde-0.3.0-3.el7.src.rpm
color-filesystem-1-13.el7.src.rpm
compat-glew-1.9.0-7.el7.src.rpm
compat-libcap1-1.10-7.el7.src.rpm
compat-openldap-2.3.43-5.el7.src.rpm
comps-extras-7-2.el7.src.rpm
conman-0.2.7-12.el7.src.rpm
conntrack-tools-1.4.2-9.el7.src.rpm
console-setup-1.111-1.el7.src.rpm
convmv-1.15-2.el7.src.rpm
coolkey-1.1.0-33.el7.src.rpm
cpio-2.11-24.el7.src.rpm
cpptest-1.1.1-9.el7.src.rpm
cppunit-1.12.1-11.el7.src.rpm
cracklib-2.9.0-11.el7.src.rpm
crash-7.1.2-2.el7.src.rpm
crash-gcore-command-1.3.1-0.el7.src.rpm
crash-trace-command-2.0-9.el7.src.rpm
crda-1.1.3_2015.04.06-2.el7.src.rpm
createrepo-0.9.9-23.el7.src.rpm
criu-1.6.1-3.el7.src.rpm
cronie-1.4.11-14.el7.src.rpm
crontabs-1.11-6.20121102git.el7.src.rpm
crypto-utils-2.4.1-42.el7.src.rpm
cryptsetup-1.6.7-1.el7.src.rpm
cscope-15.8-7.el7.src.rpm
ctags-5.8-13.el7.src.rpm
culmus-fonts-0.130-3.el7.src.rpm
cups-1.6.3-22.el7.src.rpm
curl-7.29.0-25.el7.centos.src.rpm
cvsps-2.2-0.14.b1.el7.src.rpm
cyrus-imapd-2.4.17-8.el7_1.src.rpm
Cython-0.19-3.el7.src.rpm
dapl-2.1.5-1.el7.src.rpm
dblatex-0.3.4-11.el7.src.rpm
dbusmenu-qt-0.9.2-7.el7.src.rpm
dconf-0.22.0-2.el7.src.rpm
